# JRE version: OpenJDK Runtime Environment (11.0.6+8) (build 11.0.6+8-b520.43)
# Java VM: OpenJDK 64-Bit Server VM (11.0.6+8-b520.43, mixed mode, sharing, tiered, compressed oops, g1 gc, windows-amd64)
Heap:
 garbage-first heap   total 262144K, used 90971K [0x00000000e0000000, 0x0000000100000000)
  region size 1024K, 68 young (69632K), 17 survivors (17408K)
 Metaspace       used 44537K, capacity 45897K, committed 46000K, reserved 294912K
  class space    used 6081K, capacity 6593K, committed 6656K, reserved 253952K
GC Heap History (20 events):
Event: 2.567 GC heap before
{Heap before GC invocations=2 (full 0):
 garbage-first heap   total 262144K, used 22374K [0x00000000e0000000, 0x0000000100000000)
  region size 1024K, 14 young (14336K), 1 survivors (1024K)
 Metaspace       used 4110K, capacity 6611K, committed 6784K, reserved 262144K
  class space    used 516K, capacity 778K, committed 896K, reserved 253952K
}
Event: 2.571 GC heap after
{Heap after GC invocations=3 (full 0):
 garbage-first heap   total 262144K, used 9380K [0x00000000e0000000, 0x0000000100000000)
  region size 1024K, 2 young (2048K), 2 survivors (2048K)
 Metaspace       used 4110K, capacity 6611K, committed 6784K, reserved 262144K
  class space    used 516K, capacity 778K, committed 896K, reserved 253952K
}
Event: 3.009 GC heap before
{Heap before GC invocations=3 (full 0):
 garbage-first heap   total 262144K, used 26788K [0x00000000e0000000, 0x0000000100000000)
  region size 1024K, 20 young (20480K), 2 survivors (2048K)
 Metaspace       used 4307K, capacity 6827K, committed 7040K, reserved 262144K
  class space    used 540K, capacity 850K, committed 896K, reserved 253952K
}
Event: 3.017 GC heap after
{Heap after GC invocations=4 (full 0):
 garbage-first heap   total 262144K, used 13310K [0x00000000e0000000, 0x0000000100000000)
  region size 1024K, 3 young (3072K), 3 survivors (3072K)
 Metaspace       used 4307K, capacity 6827K, committed 7040K, reserved 262144K
  class space    used 540K, capacity 850K, committed 896K, reserved 253952K
}
Event: 6.866 GC heap before
{Heap before GC invocations=4 (full 0):
 garbage-first heap   total 262144K, used 63486K [0x00000000e0000000, 0x0000000100000000)
  region size 1024K, 52 young (53248K), 3 survivors (3072K)
 Metaspace       used 13150K, capacity 13588K, committed 13824K, reserved 266240K
  class space    used 1797K, capacity 1926K, committed 2048K, reserved 253952K
}
Event: 6.883 GC heap after
{Heap after GC invocations=5 (full 0):
 garbage-first heap   total 262144K, used 16382K [0x00000000e0000000, 0x0000000100000000)
  region size 1024K, 6 young (6144K), 6 survivors (6144K)
 Metaspace       used 13150K, capacity 13588K, committed 13824K, reserved 266240K
  class space    used 1797K, capacity 1926K, committed 2048K, reserved 253952K
}
Event: 8.371 GC heap before
{Heap before GC invocations=5 (full 0):
 garbage-first heap   total 262144K, used 71678K [0x00000000e0000000, 0x0000000100000000)
  region size 1024K, 60 young (61440K), 6 survivors (6144K)
 Metaspace       used 19814K, capacity 20463K, committed 20608K, reserved 272384K
  class space    used 2845K, capacity 3098K, committed 3200K, reserved 253952K
}
Event: 8.395 GC heap after
{Heap after GC invocations=6 (full 0):
 garbage-first heap   total 262144K, used 18361K [0x00000000e0000000, 0x0000000100000000)
  region size 1024K, 5 young (5120K), 5 survivors (5120K)
 Metaspace       used 19814K, capacity 20463K, committed 20608K, reserved 272384K
  class space    used 2845K, capacity 3098K, committed 3200K, reserved 253952K
}
Event: 8.564 GC heap before
{Heap before GC invocations=6 (full 0):
 garbage-first heap   total 262144K, used 23481K [0x00000000e0000000, 0x0000000100000000)
  region size 1024K, 11 young (11264K), 5 survivors (5120K)
 Metaspace       used 20500K, capacity 21124K, committed 21296K, reserved 272384K
  class space    used 2961K, capacity 3170K, committed 3200K, reserved 253952K
}
Event: 8.578 GC heap after
{Heap after GC invocations=7 (full 0):
 garbage-first heap   total 262144K, used 18713K [0x00000000e0000000, 0x0000000100000000)
  region size 1024K, 3 young (3072K), 3 survivors (3072K)
 Metaspace       used 20500K, capacity 21124K, committed 21296K, reserved 272384K
  class space    used 2961K, capacity 3170K, committed 3200K, reserved 253952K
}
Event: 10.377 GC heap before
{Heap before GC invocations=8 (full 0):
 garbage-first heap   total 262144K, used 65817K [0x00000000e0000000, 0x0000000100000000)
  region size 1024K, 47 young (48128K), 3 survivors (3072K)
 Metaspace       used 28564K, capacity 29238K, committed 29488K, reserved 280576K
  class space    used 3867K, capacity 4125K, committed 4224K, reserved 253952K
}
Event: 10.403 GC heap after
{Heap after GC invocations=9 (full 0):
 garbage-first heap   total 262144K, used 22763K [0x00000000e0000000, 0x0000000100000000)
  region size 1024K, 6 young (6144K), 6 survivors (6144K)
 Metaspace       used 28564K, capacity 29238K, committed 29488K, reserved 280576K
  class space    used 3867K, capacity 4125K, committed 4224K, reserved 253952K
}
Event: 12.577 GC heap before
{Heap before GC invocations=9 (full 0):
 garbage-first heap   total 262144K, used 74987K [0x00000000e0000000, 0x0000000100000000)
  region size 1024K, 57 young (58368K), 6 survivors (6144K)
 Metaspace       used 33342K, capacity 34185K, committed 34352K, reserved 284672K
  class space    used 4590K, capacity 4898K, committed 4992K, reserved 253952K
}
Event: 12.598 GC heap after
{Heap after GC invocations=10 (full 0):
 garbage-first heap   total 262144K, used 25416K [0x00000000e0000000, 0x0000000100000000)
  region size 1024K, 7 young (7168K), 7 survivors (7168K)
 Metaspace       used 33342K, capacity 34185K, committed 34352K, reserved 284672K
  class space    used 4590K, capacity 4898K, committed 4992K, reserved 253952K
}
Event: 14.160 GC heap before
{Heap before GC invocations=10 (full 0):
 garbage-first heap   total 262144K, used 39752K [0x00000000e0000000, 0x0000000100000000)
  region size 1024K, 22 young (22528K), 7 survivors (7168K)
 Metaspace       used 34557K, capacity 35492K, committed 35632K, reserved 284672K
  class space    used 4790K, capacity 5143K, committed 5248K, reserved 253952K
}
Event: 14.182 GC heap after
{Heap after GC invocations=11 (full 0):
 garbage-first heap   total 262144K, used 26459K [0x00000000e0000000, 0x0000000100000000)
  region size 1024K, 4 young (4096K), 4 survivors (4096K)
 Metaspace       used 34557K, capacity 35492K, committed 35632K, reserved 284672K
  class space    used 4790K, capacity 5143K, committed 5248K, reserved 253952K
}
Event: 16.885 GC heap before
{Heap before GC invocations=12 (full 0):
 garbage-first heap   total 262144K, used 100187K [0x00000000e0000000, 0x0000000100000000)
  region size 1024K, 76 young (77824K), 4 survivors (4096K)
 Metaspace       used 39673K, capacity 40909K, committed 41136K, reserved 290816K
  class space    used 5554K, capacity 6021K, committed 6144K, reserved 253952K
}
Event: 16.918 GC heap after
{Heap after GC invocations=13 (full 0):
 garbage-first heap   total 262144K, used 32091K [0x00000000e0000000, 0x0000000100000000)
  region size 1024K, 9 young (9216K), 9 survivors (9216K)
 Metaspace       used 39673K, capacity 40909K, committed 41136K, reserved 290816K
  class space    used 5554K, capacity 6021K, committed 6144K, reserved 253952K
}
Event: 21.201 GC heap before
{Heap before GC invocations=13 (full 0):
 garbage-first heap   total 262144K, used 164187K [0x00000000e0000000, 0x0000000100000000)
  region size 1024K, 138 young (141312K), 9 survivors (9216K)
 Metaspace       used 43183K, capacity 44501K, committed 44848K, reserved 292864K
  class space    used 5937K, capacity 6416K, committed 6528K, reserved 253952K
}
Event: 21.262 GC heap after
{Heap after GC invocations=14 (full 0):
 garbage-first heap   total 262144K, used 39771K [0x00000000e0000000, 0x0000000100000000)
  region size 1024K, 17 young (17408K), 17 survivors (17408K)
 Metaspace       used 43183K, capacity 44501K, committed 44848K, reserved 292864K
  class space    used 5937K, capacity 6416K, committed 6528K, reserved 253952K
}

